        -:    0:Source:dominion.c
        -:    0:Graph:dominion.gcno
        -:    0:Data:dominion.gcda
        -:    0:Runs:8
        -:    0:Programs:1
        -:    1:#include "dominion.h"
        -:    2:#include "dominion_helpers.h"
        -:    3:#include "rngs.h"
        -:    4:#include <stdio.h>
        -:    5:#include <math.h>
        -:    6:#include <stdlib.h>
        -:    7:
        -:    8:int compare(const void* a, const void* b) {
      224:    9:  if (*(int*)a > *(int*)b)
    #####:   10:    return 1;
      224:   11:  if (*(int*)a < *(int*)b)
       80:   12:    return -1;
      144:   13:  return 0;
      224:   14:}
        -:   15:
        -:   16:struct gameState* newGame() {
    #####:   17:  struct gameState* g = malloc(sizeof(struct gameState));
    #####:   18:  return g;
        -:   19:}
        -:   20:
        -:   21:int* kingdomCards(int k1, int k2, int k3, int k4, int k5, int k6, int k7,
        -:   22:		  int k8, int k9, int k10) {
    #####:   23:  int* k = malloc(10 * sizeof(int));
    #####:   24:  k[0] = k1;
    #####:   25:  k[1] = k2;
    #####:   26:  k[2] = k3;
    #####:   27:  k[3] = k4;
    #####:   28:  k[4] = k5;
    #####:   29:  k[5] = k6;
    #####:   30:  k[6] = k7;
    #####:   31:  k[7] = k8;
    #####:   32:  k[8] = k9;
    #####:   33:  k[9] = k10;
    #####:   34:  return k;
        -:   35:}
        -:   36:
        -:   37:int initializeGame(int numPlayers, int kingdomCards[10], int randomSeed,
        -:   38:		   struct gameState *state) {
        -:   39:
        -:   40:  int i;
        -:   41:  int j;
        -:   42:  int it;			
        -:   43:  //set up random number generator
        8:   44:  SelectStream(1);
        8:   45:  PutSeed((long)randomSeed);
        -:   46:  
        -:   47:  //check number of players
       16:   48:  if (numPlayers > MAX_PLAYERS || numPlayers < 2)
        -:   49:    {
    #####:   50:      return -1;
        -:   51:    }
        -:   52:
        -:   53:  //set number of players
        8:   54:  state->numPlayers = numPlayers;
        -:   55:
        -:   56:  //check selected kingdom cards are different
      176:   57:  for (i = 0; i < 10; i++)
        -:   58:    {
     1760:   59:      for (j = 0; j < 10; j++)
        -:   60:        {
     1520:   61:	  if (j != i && kingdomCards[j] == kingdomCards[i])
        -:   62:	    {
    #####:   63:	      return -1;
        -:   64:	    }
      800:   65:        }
       80:   66:    }
        -:   67:
        -:   68:
        -:   69:  //initialize supply
        -:   70:  ///////////////////////////////
        -:   71:
        -:   72:  //set number of Curse cards
        8:   73:  if (numPlayers == 2)
        -:   74:    {
        8:   75:      state->supplyCount[curse] = 10;
        8:   76:    }
    #####:   77:  else if (numPlayers == 3)
        -:   78:    {
    #####:   79:      state->supplyCount[curse] = 20;
    #####:   80:    }
        -:   81:  else
        -:   82:    {
    #####:   83:      state->supplyCount[curse] = 30;
        -:   84:    }
        -:   85:
        -:   86:  //set number of Victory cards
        8:   87:  if (numPlayers == 2)
        -:   88:    {
        8:   89:      state->supplyCount[estate] = 8;
        8:   90:      state->supplyCount[duchy] = 8;
        8:   91:      state->supplyCount[province] = 8;
        8:   92:    }
        -:   93:  else
        -:   94:    {
    #####:   95:      state->supplyCount[estate] = 12;
    #####:   96:      state->supplyCount[duchy] = 12;
    #####:   97:      state->supplyCount[province] = 12;
        -:   98:    }
        -:   99:
        -:  100:  //set number of Treasure cards
        8:  101:  state->supplyCount[copper] = 60 - (7 * numPlayers);
        8:  102:  state->supplyCount[silver] = 40;
        8:  103:  state->supplyCount[gold] = 30;
        -:  104:
        -:  105:  //set number of Kingdom cards
      336:  106:  for (i = adventurer; i <= treasure_map; i++)       	//loop all cards
        -:  107:    {
     2640:  108:      for (j = 0; j < 10; j++)           		//loop chosen cards
        -:  109:	{
     1240:  110:	  if (kingdomCards[j] == i)
        -:  111:	    {
        -:  112:	      //check if card is a 'Victory' Kingdom card
      152:  113:	      if (kingdomCards[j] == great_hall || kingdomCards[j] == gardens)
        -:  114:		{
       16:  115:		  if (numPlayers == 2){ 
       16:  116:		    state->supplyCount[i] = 8; 
       16:  117:		  }
    #####:  118:		  else{ state->supplyCount[i] = 12; }
       16:  119:		}
        -:  120:	      else
        -:  121:		{
       64:  122:		  state->supplyCount[i] = 10;
        -:  123:		}
       80:  124:	      break;
        -:  125:	    }
        -:  126:	  else    //card is not in the set choosen for the game
        -:  127:	    {
     1160:  128:	      state->supplyCount[i] = -1;
        -:  129:	    }
     1160:  130:	}
        -:  131:
      160:  132:    }
        -:  133:
        -:  134:  ////////////////////////
        -:  135:  //supply intilization complete
        -:  136:
        -:  137:  //set player decks
       48:  138:  for (i = 0; i < numPlayers; i++)
        -:  139:    {
       16:  140:      state->deckCount[i] = 0;
      128:  141:      for (j = 0; j < 3; j++)
        -:  142:	{
       48:  143:	  state->deck[i][j] = estate;
       48:  144:	  state->deckCount[i]++;
       48:  145:	}
      256:  146:      for (j = 3; j < 10; j++)
        -:  147:	{
      112:  148:	  state->deck[i][j] = copper;
      112:  149:	  state->deckCount[i]++;		
      112:  150:	}
       16:  151:    }
        -:  152:
        -:  153:  //shuffle player decks
       48:  154:  for (i = 0; i < numPlayers; i++)
        -:  155:    {
       16:  156:      if ( shuffle(i, state) < 0 )
        -:  157:	{
    #####:  158:	  return -1;
        -:  159:	}
       16:  160:    }
        -:  161:
        -:  162:  //draw player hands
       48:  163:  for (i = 0; i < numPlayers; i++)
        -:  164:    {  
        -:  165:      //initialize hand size to zero
       16:  166:      state->handCount[i] = 0;
       16:  167:      state->discardCount[i] = 0;
        -:  168:      //draw 5 cards
        -:  169:      // for (j = 0; j < 5; j++)
        -:  170:      //	{
        -:  171:      //	  drawCard(i, state);
        -:  172:      //	}
       16:  173:    }
        -:  174:  
        -:  175:  //set embargo tokens to 0 for all supply piles
      448:  176:  for (i = 0; i <= treasure_map; i++)
        -:  177:    {
      216:  178:      state->embargoTokens[i] = 0;
      216:  179:    }
        -:  180:
        -:  181:  //initialize first player's turn
        8:  182:  state->outpostPlayed = 0;
        8:  183:  state->phase = 0;
        8:  184:  state->numActions = 1;
        8:  185:  state->numBuys = 1;
        8:  186:  state->playedCardCount = 0;
        8:  187:  state->whoseTurn = 0;
        8:  188:  state->handCount[state->whoseTurn] = 0;
        -:  189:  //int it; move to top
        -:  190:
        -:  191:  //Moved draw cards to here, only drawing at the start of a turn
       96:  192:  for (it = 0; it < 5; it++){
       40:  193:    drawCard(state->whoseTurn, state);
       40:  194:  }
        -:  195:
        8:  196:  updateCoins(state->whoseTurn, state, 0);
        -:  197:
        8:  198:  return 0;
        8:  199:}
        -:  200:
        -:  201:int shuffle(int player, struct gameState *state) {
        -:  202: 
        -:  203:
        -:  204:  int newDeck[MAX_DECK];
       22:  205:  int newDeckPos = 0;
        -:  206:  int card;
        -:  207:  int i;
        -:  208:
       22:  209:  if (state->deckCount[player] < 1)
        6:  210:    return -1;
       16:  211:  qsort ((void*)(state->deck[player]), state->deckCount[player], sizeof(int), compare); 
        -:  212:  /* SORT CARDS IN DECK TO ENSURE DETERMINISM! */
        -:  213:
      352:  214:  while (state->deckCount[player] > 0) {
      160:  215:    card = floor(Random() * state->deckCount[player]);
      160:  216:    newDeck[newDeckPos] = state->deck[player][card];
      160:  217:    newDeckPos++;
     1120:  218:    for (i = card; i < state->deckCount[player]-1; i++) {
      400:  219:      state->deck[player][i] = state->deck[player][i+1];
      400:  220:    }
      160:  221:    state->deckCount[player]--;
        -:  222:  }
      352:  223:  for (i = 0; i < newDeckPos; i++) {
      160:  224:    state->deck[player][i] = newDeck[i];
      160:  225:    state->deckCount[player]++;
      160:  226:  }
        -:  227:
       16:  228:  return 0;
       22:  229:}
        -:  230:
        -:  231:int playCard(int handPos, int choice1, int choice2, int choice3, struct gameState *state) 
        -:  232:{	
        -:  233:  int card;
    #####:  234:  int coin_bonus = 0; 		//tracks coins gain from actions
        -:  235:
        -:  236:  //check if it is the right phase
    #####:  237:  if (state->phase != 0)
        -:  238:    {
    #####:  239:      return -1;
        -:  240:    }
        -:  241:	
        -:  242:  //check if player has enough actions
    #####:  243:  if ( state->numActions < 1 )
        -:  244:    {
    #####:  245:      return -1;
        -:  246:    }
        -:  247:	
        -:  248:  //get card played
    #####:  249:  card = handCard(handPos, state);
        -:  250:	
        -:  251:  //check if selected card is an action
    #####:  252:  if ( card < adventurer || card > treasure_map )
        -:  253:    {
    #####:  254:      return -1;
        -:  255:    }
        -:  256:	
        -:  257:  //play card
    #####:  258:  if ( cardEffect(card, choice1, choice2, choice3, state, handPos, &coin_bonus) < 0 )
        -:  259:    {
    #####:  260:      return -1;
        -:  261:    }
        -:  262:	
        -:  263:  //reduce number of actions
    #####:  264:  state->numActions--;
        -:  265:
        -:  266:  //update coins (Treasure cards may be added with card draws)
    #####:  267:  updateCoins(state->whoseTurn, state, coin_bonus);
        -:  268:	
    #####:  269:  return 0;
    #####:  270:}
        -:  271:
        -:  272:int buyCard(int supplyPos, struct gameState *state) {
        -:  273:  int who;
        -:  274:  if (DEBUG){
        -:  275:    printf("Entering buyCard...\n");
        -:  276:  }
        -:  277:
        -:  278:  // I don't know what to do about the phase thing.
        -:  279:
        4:  280:  who = state->whoseTurn;
        -:  281:
        4:  282:  if (state->numBuys < 1){
        -:  283:    if (DEBUG)
        -:  284:      printf("You do not have any buys left\n");
        1:  285:    return -1;
        3:  286:  } else if (supplyCount(supplyPos, state) <1){
        -:  287:    if (DEBUG)
        -:  288:      printf("There are not any of that type of card left\n");
        1:  289:    return -1;
        2:  290:  } else if (state->coins < getCost(supplyPos)){
        -:  291:    if (DEBUG) 
        -:  292:      printf("You do not have enough money to buy that. You have %d coins.\n", state->coins);
        1:  293:    return -1;
        -:  294:  } else {
        1:  295:    state->phase=1;
        -:  296:    //state->supplyCount[supplyPos]--;
        1:  297:    gainCard(supplyPos, state, 0, who); //card goes in discard, this might be wrong.. (2 means goes into hand, 0 goes into discard)
        -:  298:  
        1:  299:    state->coins = (state->coins) - (getCost(supplyPos));
        1:  300:    state->numBuys--;
        -:  301:    if (DEBUG)
        -:  302:      printf("You bought card number %d for %d coins. You now have %d buys and %d coins.\n", supplyPos, getCost(supplyPos), state->numBuys, state->coins);
        -:  303:  }
        -:  304:
        -:  305:  //state->discard[who][state->discardCount[who]] = supplyPos;
        -:  306:  //state->discardCount[who]++;
        -:  307:    
        1:  308:  return 0;
        4:  309:}
        -:  310:
        -:  311:int numHandCards(struct gameState *state) {
    #####:  312:  return state->handCount[ whoseTurn(state) ];
        -:  313:}
        -:  314:
        -:  315:int handCard(int handPos, struct gameState *state) {
    #####:  316:  int currentPlayer = whoseTurn(state);
    #####:  317:  return state->hand[currentPlayer][handPos];
        -:  318:}
        -:  319:
        -:  320:int supplyCount(int card, struct gameState *state) {
        6:  321:  return state->supplyCount[card];
        -:  322:}
        -:  323:
        -:  324:int fullDeckCount(int player, int card, struct gameState *state) {
        -:  325:  int i;
    #####:  326:  int count = 0;
        -:  327:
    #####:  328:  for (i = 0; i < state->deckCount[player]; i++)
        -:  329:    {
    #####:  330:      if (state->deck[player][i] == card) count++;
    #####:  331:    }
        -:  332:
    #####:  333:  for (i = 0; i < state->handCount[player]; i++)
        -:  334:    {
    #####:  335:      if (state->hand[player][i] == card) count++;
    #####:  336:    }
        -:  337:
    #####:  338:  for (i = 0; i < state->discardCount[player]; i++)
        -:  339:    {
    #####:  340:      if (state->discard[player][i] == card) count++;
    #####:  341:    }
        -:  342:
    #####:  343:  return count;
        -:  344:}
        -:  345:
        -:  346:int whoseTurn(struct gameState *state) {
       21:  347:  return state->whoseTurn;
        -:  348:}
        -:  349:
        -:  350:int endTurn(struct gameState *state) {
        -:  351:  int k;
        -:  352:  int i;
    #####:  353:  int currentPlayer = whoseTurn(state);
        -:  354:  
        -:  355:  //Discard hand
    #####:  356:  for (i = 0; i < state->handCount[currentPlayer]; i++){
    #####:  357:    state->discard[currentPlayer][state->discardCount[currentPlayer]++] = state->hand[currentPlayer][i];//Discard
    #####:  358:    state->hand[currentPlayer][i] = -1;//Set card to -1
    #####:  359:  }
    #####:  360:  state->handCount[currentPlayer] = 0;//Reset hand count
        -:  361:    
        -:  362:  //Code for determining the player
    #####:  363:  if (currentPlayer < (state->numPlayers - 1)){ 
    #####:  364:    state->whoseTurn = currentPlayer + 1;//Still safe to increment
    #####:  365:  }
        -:  366:  else{
    #####:  367:    state->whoseTurn = 0;//Max player has been reached, loop back around to player 1
        -:  368:  }
        -:  369:
    #####:  370:  state->outpostPlayed = 0;
    #####:  371:  state->phase = 0;
    #####:  372:  state->numActions = 1;
    #####:  373:  state->coins = 0;
    #####:  374:  state->numBuys = 1;
    #####:  375:  state->playedCardCount = 0;
    #####:  376:  state->handCount[state->whoseTurn] = 0;
        -:  377:
        -:  378:  //int k; move to top
        -:  379:  //Next player draws hand
    #####:  380:  for (k = 0; k < 5; k++){
    #####:  381:    drawCard(state->whoseTurn, state);//Draw a card
    #####:  382:  }
        -:  383:
        -:  384:  //Update money
    #####:  385:  updateCoins(state->whoseTurn, state , 0);
        -:  386:
    #####:  387:  return 0;
        -:  388:}
        -:  389:
        -:  390:int isGameOver(struct gameState *state) {
        -:  391:  int i;
        -:  392:  int j;
        -:  393:	
        -:  394:  //if stack of Province cards is empty, the game ends
        5:  395:  if (state->supplyCount[province] == 0)
        -:  396:    {
        1:  397:      return 1;
        -:  398:    }
        -:  399:
        -:  400:  //if three supply pile are at 0, the game ends
        4:  401:  j = 0;
      208:  402:  for (i = 0; i < 25; i++)
        -:  403:    {
      100:  404:      if (state->supplyCount[i] == 0)
        -:  405:	{
        9:  406:	  j++;
        9:  407:	}
      100:  408:    }
        4:  409:  if ( j >= 3)
        -:  410:    {
        2:  411:      return 1;
        -:  412:    }
        -:  413:
        2:  414:  return 0;
        5:  415:}
        -:  416:
        -:  417:int scoreFor (int player, struct gameState *state) {
        -:  418:
        -:  419:  int i;
    #####:  420:  int score = 0;
        -:  421:  //score from hand
    #####:  422:  for (i = 0; i < state->handCount[player]; i++)
        -:  423:    {
    #####:  424:      if (state->hand[player][i] == curse) { score = score - 1; };
    #####:  425:      if (state->hand[player][i] == estate) { score = score + 1; };
    #####:  426:      if (state->hand[player][i] == duchy) { score = score + 3; };
    #####:  427:      if (state->hand[player][i] == province) { score = score + 6; };
    #####:  428:      if (state->hand[player][i] == great_hall) { score = score + 1; };
    #####:  429:      if (state->hand[player][i] == gardens) { score = score + ( fullDeckCount(player, 0, state) / 10 ); };
    #####:  430:    }
        -:  431:
        -:  432:  //score from discard
    #####:  433:  for (i = 0; i < state->discardCount[player]; i++)
        -:  434:    {
    #####:  435:      if (state->discard[player][i] == curse) { score = score - 1; };
    #####:  436:      if (state->discard[player][i] == estate) { score = score + 1; };
    #####:  437:      if (state->discard[player][i] == duchy) { score = score + 3; };
    #####:  438:      if (state->discard[player][i] == province) { score = score + 6; };
    #####:  439:      if (state->discard[player][i] == great_hall) { score = score + 1; };
    #####:  440:      if (state->discard[player][i] == gardens) { score = score + ( fullDeckCount(player, 0, state) / 10 ); };
    #####:  441:    }
        -:  442:
        -:  443:  //score from deck
    #####:  444:  for (i = 0; i < state->discardCount[player]; i++)
        -:  445:    {
    #####:  446:      if (state->deck[player][i] == curse) { score = score - 1; };
    #####:  447:      if (state->deck[player][i] == estate) { score = score + 1; };
    #####:  448:      if (state->deck[player][i] == duchy) { score = score + 3; };
    #####:  449:      if (state->deck[player][i] == province) { score = score + 6; };
    #####:  450:      if (state->deck[player][i] == great_hall) { score = score + 1; };
    #####:  451:      if (state->deck[player][i] == gardens) { score = score + ( fullDeckCount(player, 0, state) / 10 ); };
    #####:  452:    }
        -:  453:
    #####:  454:  return score;
        -:  455:}
        -:  456:
        -:  457:int getWinners(int players[MAX_PLAYERS], struct gameState *state) {
        -:  458:  int i;	
        -:  459:  int j;
        -:  460:  int highScore;
        -:  461:  int currentPlayer;
        -:  462:
        -:  463:  //get score for each player
    #####:  464:  for (i = 0; i < MAX_PLAYERS; i++)
        -:  465:    {
        -:  466:      //set unused player scores to -9999
    #####:  467:      if (i >= state->numPlayers)
        -:  468:	{
    #####:  469:	  players[i] = -9999;
    #####:  470:	}
        -:  471:      else
        -:  472:	{
    #####:  473:	  players[i] = scoreFor (i, state);
        -:  474:	}
    #####:  475:    }
        -:  476:
        -:  477:  //find highest score
    #####:  478:  j = 0;
    #####:  479:  for (i = 0; i < MAX_PLAYERS; i++)
        -:  480:    {
    #####:  481:      if (players[i] > players[j])
        -:  482:	{
    #####:  483:	  j = i;
    #####:  484:	}
    #####:  485:    }
    #####:  486:  highScore = players[j];
        -:  487:
        -:  488:  //add 1 to players who had less turns
    #####:  489:  currentPlayer = whoseTurn(state);
    #####:  490:  for (i = 0; i < MAX_PLAYERS; i++)
        -:  491:    {
    #####:  492:      if ( players[i] == highScore && i > currentPlayer )
        -:  493:	{
    #####:  494:	  players[i]++;
    #####:  495:	}
    #####:  496:    }
        -:  497:
        -:  498:  //find new highest score
    #####:  499:  j = 0;
    #####:  500:  for (i = 0; i < MAX_PLAYERS; i++)
        -:  501:    {
    #####:  502:      if ( players[i] > players[j] )
        -:  503:	{
    #####:  504:	  j = i;
    #####:  505:	}
    #####:  506:    }
    #####:  507:  highScore = players[j];
        -:  508:
        -:  509:  //set winners in array to 1 and rest to 0
    #####:  510:  for (i = 0; i < MAX_PLAYERS; i++)
        -:  511:    {
    #####:  512:      if ( players[i] == highScore )
        -:  513:	{
    #####:  514:	  players[i] = 1;
    #####:  515:	}
        -:  516:      else
        -:  517:	{
    #####:  518:	  players[i] = 0;
        -:  519:	}
    #####:  520:    }
        -:  521:
    #####:  522:  return 0;
        -:  523:}
        -:  524:
        -:  525:int drawCard(int player, struct gameState *state)
        -:  526:{	int count;
        -:  527:  int deckCounter;
       63:  528:  if (state->deckCount[player] <= 0){//Deck is empty
        -:  529:    
        -:  530:    //Step 1 Shuffle the discard pile back into a deck
        -:  531:    int i;
        -:  532:    //Move discard to deck
        6:  533:    for (i = 0; i < state->discardCount[player];i++){
    #####:  534:      state->deck[player][i] = state->discard[player][i];
    #####:  535:      state->discard[player][i] = -1;
    #####:  536:    }
        -:  537:
        3:  538:    state->deckCount[player] = state->discardCount[player];
        3:  539:    state->discardCount[player] = 0;//Reset discard
        -:  540:
        -:  541:    //Shufffle the deck
        3:  542:    shuffle(player, state);//Shuffle the deck up and make it so that we can draw
        -:  543:   
        -:  544:    if (DEBUG){//Debug statements
        -:  545:      printf("Deck count now: %d\n", state->deckCount[player]);
        -:  546:    }
        -:  547:    
        3:  548:    state->discardCount[player] = 0;
        -:  549:
        -:  550:    //Step 2 Draw Card
        3:  551:    count = state->handCount[player];//Get current player's hand count
        -:  552:    
        -:  553:    if (DEBUG){//Debug statements
        -:  554:      printf("Current hand count: %d\n", count);
        -:  555:    }
        -:  556:    
        3:  557:    deckCounter = state->deckCount[player];//Create a holder for the deck count
        -:  558:
        3:  559:    if (deckCounter == 0)
        3:  560:      return -1;
        -:  561:
    #####:  562:    state->hand[player][count] = state->deck[player][deckCounter - 1];//Add card to hand
    #####:  563:    state->deckCount[player]--;
    #####:  564:    state->handCount[player]++;//Increment hand count
    #####:  565:  }
        -:  566:
        -:  567:  else{
       60:  568:    int count = state->handCount[player];//Get current hand count for player
        -:  569:    int deckCounter;
        -:  570:    if (DEBUG){//Debug statements
        -:  571:      printf("Current hand count: %d\n", count);
        -:  572:    }
        -:  573:
       60:  574:    deckCounter = state->deckCount[player];//Create holder for the deck count
       60:  575:    state->hand[player][count] = state->deck[player][deckCounter - 1];//Add card to the hand
       60:  576:    state->deckCount[player]--;
       60:  577:    state->handCount[player]++;//Increment hand count
        -:  578:  }
        -:  579:
       60:  580:  return 0;
       63:  581:}
        -:  582:
        -:  583:int getCost(int cardNumber)
        -:  584:{
        3:  585:  switch( cardNumber ) 
        -:  586:    {
        -:  587:    case curse:
    #####:  588:      return 0;
        -:  589:    case estate:
    #####:  590:      return 2;
        -:  591:    case duchy:
    #####:  592:      return 5;
        -:  593:    case province:
        3:  594:      return 8;
        -:  595:    case copper:
    #####:  596:      return 0;
        -:  597:    case silver:
    #####:  598:      return 3;
        -:  599:    case gold:
    #####:  600:      return 6;
        -:  601:    case adventurer:
    #####:  602:      return 6;
        -:  603:    case council_room:
    #####:  604:      return 5;
        -:  605:    case feast:
    #####:  606:      return 4;
        -:  607:    case gardens:
    #####:  608:      return 4;
        -:  609:    case mine:
    #####:  610:      return 5;
        -:  611:    case remodel:
    #####:  612:      return 4;
        -:  613:    case smithy:
    #####:  614:      return 4;
        -:  615:    case village:
    #####:  616:      return 3;
        -:  617:    case baron:
    #####:  618:      return 4;
        -:  619:    case great_hall:
    #####:  620:      return 3;
        -:  621:    case minion:
    #####:  622:      return 5;
        -:  623:    case steward:
    #####:  624:      return 3;
        -:  625:    case tribute:
    #####:  626:      return 5;
        -:  627:    case ambassador:
    #####:  628:      return 3;
        -:  629:    case cutpurse:
    #####:  630:      return 4;
        -:  631:    case embargo: 
    #####:  632:      return 2;
        -:  633:    case outpost:
    #####:  634:      return 5;
        -:  635:    case salvager:
    #####:  636:      return 4;
        -:  637:    case sea_hag:
    #####:  638:      return 4;
        -:  639:    case treasure_map:
    #####:  640:      return 4;
        -:  641:    }
        -:  642:	
    #####:  643:  return -1;
        3:  644:}
        -:  645:
        -:  646:/*********************************
        -:  647:**
        -:  648:** Functions added for Assignment 2
        -:  649:**
        -:  650:**********************************/
        -:  651:int smithyEffect(int currentPlayer, struct gameState *state, int handPos){
        -:  652:  //+3 Cards
       20:  653:  for (int i = 0; i < 4; i++)
        -:  654:  {
        8:  655:    drawCard(currentPlayer, state);
        8:  656:  }
        -:  657:      
        -:  658:  //discard card from hand
        2:  659:  discardCard(handPos, currentPlayer, state, 0);
        2:  660:  discardCard(handPos-1, currentPlayer, state, 0);
        -:  661:
        2:  662:  return 0;
        -:  663:}
        -:  664:
        -:  665:int adventurerEffect(int drawntreasure, struct gameState *state, int currentPlayer, int z, int cardDrawn, int *temphand){
       36:  666:  while(drawntreasure<2){
       15:  667:    if (state->deckCount[currentPlayer] <1){//if the deck is empty we need to shuffle discard and add to deck
        3:  668:      shuffle(currentPlayer, state);
        3:  669:    }
       15:  670:    drawCard(currentPlayer, state);
       15:  671:    cardDrawn = state->hand[currentPlayer][state->handCount[currentPlayer]-1];//top card of hand is most recently drawn card.
       46:  672:    if (cardDrawn == copper || cardDrawn == silver || cardDrawn == gold || cardDrawn == province )
        6:  673:      drawntreasure++;
        -:  674:    else{
        9:  675:      temphand[z]=cardDrawn;
        9:  676:      state->handCount[currentPlayer]--; //this should just remove the top card (the most recently drawn one).
        9:  677:      z++;
        -:  678:    }
        -:  679:  }
       24:  680:  while(z-1>=0){
        9:  681:    state->discard[currentPlayer][state->discardCount[currentPlayer]++]=temphand[z-1]; // discard all cards in play that have been drawn
        9:  682:    z=z-1;
        -:  683:  }
        -:  684:
        3:  685:  return 0;
        -:  686:}
        -:  687:
        -:  688:int council_roomEffect(int currentPlayer, struct gameState *state, int handPos){
        -:  689:  //+4 Cards
    #####:  690:  for (int i = 0; i < 4; i++)
        -:  691:  {
    #####:  692:    drawCard(currentPlayer, state);
    #####:  693:  }
        -:  694:      
        -:  695:  //+1 Buy
    #####:  696:  state->numBuys++;
        -:  697:      
        -:  698:  //Each other player draws a card
    #####:  699:  for (int i = 1; i <= state->numPlayers; i++)
        -:  700:  {
    #####:  701:    if ( i != currentPlayer )
        -:  702:      {
    #####:  703:        drawCard(i, state);
    #####:  704:      }
    #####:  705:  }
        -:  706:      
        -:  707:  //put played card in played card pile
    #####:  708:  discardCard(handPos, currentPlayer, state, 0);
        -:  709:
    #####:  710:  return 0;
        -:  711:}
        -:  712:
        -:  713:int outpostEffect(int currentPlayer, struct gameState *state, int handPos){
        -:  714:  //set outpost flag
        2:  715:  state->outpostPlayed++;
        -:  716:  
        -:  717:  //discard card
        2:  718:  discardCard(handPos, currentPlayer, state, 0);
        -:  719:
        2:  720:  return 0;
        -:  721:}
        -:  722:
        -:  723:int sea_hagEffect(int currentPlayer, struct gameState *state){
       18:  724:  for (int i = 0; i < state->numPlayers; i++){
        9:  725:    if (i != currentPlayer && i < state-> numPlayers){
        3:  726:      state->discard[i+1][state->discardCount[i]] = state->deck[i+1][state->deckCount[i]--];          
        3:  727:      state->deckCount[i+1]--;
        3:  728:      state->discardCount[i+1]++;
        3:  729:      state->deck[i][state->deckCount[i]--] = curse;//Top card now a curse
        3:  730:    }
        6:  731:  }
        -:  732:
        3:  733:  return 0;
        -:  734:}
        -:  735:
        -:  736:/*****************************************
        -:  737:** End of functions added for Assignment 2
        -:  738:*****************************************/
        -:  739:
        -:  740:int cardEffect(int card, int choice1, int choice2, int choice3, struct gameState *state, int handPos, int *bonus)
        -:  741:{
        -:  742:  int i;
        -:  743:  int j;
        -:  744:  int k;
        -:  745:  int x;
        -:  746:  int index;
       10:  747:  int currentPlayer = whoseTurn(state);
       10:  748:  int nextPlayer = currentPlayer + 1;
        -:  749:
       10:  750:  int tributeRevealedCards[2] = {-1, -1};
        -:  751:  int temphand[MAX_HAND];// moved above the if statement
       10:  752:  int drawntreasure=0;
       10:  753:  int cardDrawn=0; 
       10:  754:  int z = 0;// this is the counter for the temp hand
       10:  755:  if (nextPlayer > (state->numPlayers - 1)){
    #####:  756:    nextPlayer = 0;
    #####:  757:  }
        -:  758:  
        -:  759:	
        -:  760:  //uses switch to select card and perform actions
       10:  761:  switch( card ) 
        -:  762:    {
        -:  763:    case adventurer:
        3:  764:      return adventurerEffect(drawntreasure, state, currentPlayer, z, cardDrawn, temphand);
        -:  765:			
        -:  766:    case council_room:
    #####:  767:      return council_roomEffect(currentPlayer, state, handPos);
        -:  768:			
        -:  769:    case feast:
        -:  770:      //gain card with cost up to 5
        -:  771:      //Backup hand
    #####:  772:      for (i = 0; i <= state->handCount[currentPlayer]; i++){
    #####:  773:	temphand[i] = state->hand[currentPlayer][i];//Backup card
    #####:  774:	state->hand[currentPlayer][i] = -1;//Set to nothing
    #####:  775:      }
        -:  776:      //Backup hand
        -:  777:
        -:  778:      //Update Coins for Buy
    #####:  779:      updateCoins(currentPlayer, state, 5);
    #####:  780:      x = 1;//Condition to loop on
    #####:  781:      while( x == 1) {//Buy one card
    #####:  782:	if (supplyCount(choice1, state) <= 0){
        -:  783:	  if (DEBUG)
        -:  784:	    printf("None of that card left, sorry!\n");
        -:  785:
        -:  786:	  if (DEBUG){
        -:  787:	    printf("Cards Left: %d\n", supplyCount(choice1, state));
        -:  788:	  }
    #####:  789:	}
    #####:  790:	else if (state->coins < getCost(choice1)){
    #####:  791:	  printf("That card is too expensive!\n");
        -:  792:
        -:  793:	  if (DEBUG){
        -:  794:	    printf("Coins: %d < %d\n", state->coins, getCost(choice1));
        -:  795:	  }
    #####:  796:	}
        -:  797:	else{
        -:  798:
        -:  799:	  if (DEBUG){
        -:  800:	    printf("Deck Count: %d\n", state->handCount[currentPlayer] + state->deckCount[currentPlayer] + state->discardCount[currentPlayer]);
        -:  801:	  }
        -:  802:
    #####:  803:	  gainCard(choice1, state, 0, currentPlayer);//Gain the card
    #####:  804:	  x = 0;//No more buying cards
        -:  805:
        -:  806:	  if (DEBUG){
        -:  807:	    printf("Deck Count: %d\n", state->handCount[currentPlayer] + state->deckCount[currentPlayer] + state->discardCount[currentPlayer]);
        -:  808:	  }
        -:  809:
        -:  810:	}
        -:  811:      }     
        -:  812:
        -:  813:      //Reset Hand
    #####:  814:      for (i = 0; i <= state->handCount[currentPlayer]; i++){
    #####:  815:	state->hand[currentPlayer][i] = temphand[i];
    #####:  816:	temphand[i] = -1;
    #####:  817:      }
        -:  818:      //Reset Hand
        -:  819:      			
    #####:  820:      return 0;
        -:  821:			
        -:  822:    case gardens:
    #####:  823:      return -1;
        -:  824:			
        -:  825:    case mine:
    #####:  826:      j = state->hand[currentPlayer][choice1];  //store card we will trash
        -:  827:
    #####:  828:      if (state->hand[currentPlayer][choice1] < copper || state->hand[currentPlayer][choice1] > gold)
        -:  829:	{
    #####:  830:	  return -1;
        -:  831:	}
        -:  832:		
    #####:  833:      if (choice2 > treasure_map || choice2 < curse)
        -:  834:	{
    #####:  835:	  return -1;
        -:  836:	}
        -:  837:
    #####:  838:      if ( (getCost(state->hand[currentPlayer][choice1]) + 3) > getCost(choice2) )
        -:  839:	{
    #####:  840:	  return -1;
        -:  841:	}
        -:  842:
    #####:  843:      gainCard(choice2, state, 2, currentPlayer);
        -:  844:
        -:  845:      //discard card from hand
    #####:  846:      discardCard(handPos, currentPlayer, state, 0);
        -:  847:
        -:  848:      //discard trashed card
    #####:  849:      for (i = 0; i < state->handCount[currentPlayer]; i++)
        -:  850:	{
    #####:  851:	  if (state->hand[currentPlayer][i] == j)
        -:  852:	    {
    #####:  853:	      discardCard(i, currentPlayer, state, 0);			
    #####:  854:	      break;
        -:  855:	    }
    #####:  856:	}
        -:  857:			
    #####:  858:      return 0;
        -:  859:			
        -:  860:    case remodel:
    #####:  861:      j = state->hand[currentPlayer][choice1];  //store card we will trash
        -:  862:
    #####:  863:      if ( (getCost(state->hand[currentPlayer][choice1]) + 2) > getCost(choice2) )
        -:  864:	{
    #####:  865:	  return -1;
        -:  866:	}
        -:  867:
    #####:  868:      gainCard(choice2, state, 0, currentPlayer);
        -:  869:
        -:  870:      //discard card from hand
    #####:  871:      discardCard(handPos, currentPlayer, state, 0);
        -:  872:
        -:  873:      //discard trashed card
    #####:  874:      for (i = 0; i < state->handCount[currentPlayer]; i++)
        -:  875:	{
    #####:  876:	  if (state->hand[currentPlayer][i] == j)
        -:  877:	    {
    #####:  878:	      discardCard(i, currentPlayer, state, 0);			
    #####:  879:	      break;
        -:  880:	    }
    #####:  881:	}
        -:  882:
        -:  883:
    #####:  884:      return 0;
        -:  885:		
        -:  886:    case smithy:
        2:  887:      return smithyEffect(currentPlayer, state, handPos);
        -:  888:		
        -:  889:    case village:
        -:  890:      //+1 Card
    #####:  891:      drawCard(currentPlayer, state);
        -:  892:			
        -:  893:      //+2 Actions
    #####:  894:      state->numActions = state->numActions + 2;
        -:  895:			
        -:  896:      //discard played card from hand
    #####:  897:      discardCard(handPos, currentPlayer, state, 0);
    #####:  898:      return 0;
        -:  899:		
        -:  900:    case baron:
    #####:  901:      state->numBuys++;//Increase buys by 1!
    #####:  902:      if (choice1 > 0){//Boolean true or going to discard an estate
    #####:  903:	int p = 0;//Iterator for hand!
    #####:  904:	int card_not_discarded = 1;//Flag for discard set!
    #####:  905:	while(card_not_discarded){
    #####:  906:	  if (state->hand[currentPlayer][p] == estate){//Found an estate card!
    #####:  907:	    state->coins += 4;//Add 4 coins to the amount of coins
    #####:  908:	    state->discard[currentPlayer][state->discardCount[currentPlayer]] = state->hand[currentPlayer][p];
    #####:  909:	    state->discardCount[currentPlayer]++;
    #####:  910:	    for (;p < state->handCount[currentPlayer]; p++){
    #####:  911:	      state->hand[currentPlayer][p] = state->hand[currentPlayer][p+1];
    #####:  912:	    }
    #####:  913:	    state->hand[currentPlayer][state->handCount[currentPlayer]] = -1;
    #####:  914:	    state->handCount[currentPlayer]--;
    #####:  915:	    card_not_discarded = 0;//Exit the loop
    #####:  916:	  }
    #####:  917:	  else if (p > state->handCount[currentPlayer]){
        -:  918:	    if(DEBUG) {
        -:  919:	      printf("No estate cards in your hand, invalid choice\n");
        -:  920:	      printf("Must gain an estate if there are any\n");
        -:  921:	    }
    #####:  922:	    if (supplyCount(estate, state) > 0){
    #####:  923:	      gainCard(estate, state, 0, currentPlayer);
    #####:  924:	      state->supplyCount[estate]--;//Decrement estates
    #####:  925:	      if (supplyCount(estate, state) == 0){
    #####:  926:		isGameOver(state);
    #####:  927:	      }
    #####:  928:	    }
    #####:  929:	    card_not_discarded = 0;//Exit the loop
    #####:  930:	  }
        -:  931:			    
        -:  932:	  else{
    #####:  933:	    p++;//Next card
        -:  934:	  }
        -:  935:	}
    #####:  936:      }
        -:  937:			    
        -:  938:      else{
    #####:  939:	if (supplyCount(estate, state) > 0){
    #####:  940:	  gainCard(estate, state, 0, currentPlayer);//Gain an estate
    #####:  941:	  state->supplyCount[estate]--;//Decrement Estates
    #####:  942:	  if (supplyCount(estate, state) == 0){
    #####:  943:	    isGameOver(state);
    #####:  944:	  }
    #####:  945:	}
        -:  946:      }
        -:  947:	    
        -:  948:      
    #####:  949:      return 0;
        -:  950:		
        -:  951:    case great_hall:
        -:  952:      //+1 Card
    #####:  953:      drawCard(currentPlayer, state);
        -:  954:			
        -:  955:      //+1 Actions
    #####:  956:      state->numActions++;
        -:  957:			
        -:  958:      //discard card from hand
    #####:  959:      discardCard(handPos, currentPlayer, state, 0);
    #####:  960:      return 0;
        -:  961:		
        -:  962:    case minion:
        -:  963:      //+1 action
    #####:  964:      state->numActions++;
        -:  965:			
        -:  966:      //discard card from hand
    #####:  967:      discardCard(handPos, currentPlayer, state, 0);
        -:  968:			
    #####:  969:      if (choice1)		//+2 coins
        -:  970:	{
    #####:  971:	  state->coins = state->coins + 2;
    #####:  972:	}
        -:  973:			
    #####:  974:      else if (choice2)		//discard hand, redraw 4, other players with 5+ cards discard hand and draw 4
        -:  975:	{
        -:  976:	  //discard hand
    #####:  977:	  while(numHandCards(state) > 0)
        -:  978:	    {
    #####:  979:	      discardCard(handPos, currentPlayer, state, 0);
        -:  980:	    }
        -:  981:				
        -:  982:	  //draw 4
    #####:  983:	  for (i = 0; i < 4; i++)
        -:  984:	    {
    #####:  985:	      drawCard(currentPlayer, state);
    #####:  986:	    }
        -:  987:				
        -:  988:	  //other players discard hand and redraw if hand size > 4
    #####:  989:	  for (i = 0; i < state->numPlayers; i++)
        -:  990:	    {
    #####:  991:	      if (i != currentPlayer)
        -:  992:		{
    #####:  993:		  if ( state->handCount[i] > 4 )
        -:  994:		    {
        -:  995:		      //discard hand
    #####:  996:		      while( state->handCount[i] > 0 )
        -:  997:			{
    #####:  998:			  discardCard(handPos, i, state, 0);
        -:  999:			}
        -: 1000:							
        -: 1001:		      //draw 4
    #####: 1002:		      for (j = 0; j < 4; j++)
        -: 1003:			{
    #####: 1004:			  drawCard(i, state);
    #####: 1005:			}
    #####: 1006:		    }
    #####: 1007:		}
    #####: 1008:	    }
        -: 1009:				
    #####: 1010:	}
    #####: 1011:      return 0;
        -: 1012:		
        -: 1013:    case steward:
    #####: 1014:      if (choice1 == 1)
        -: 1015:	{
        -: 1016:	  //+2 cards
    #####: 1017:	  drawCard(currentPlayer, state);
    #####: 1018:	  drawCard(currentPlayer, state);
    #####: 1019:	}
    #####: 1020:      else if (choice1 == 2)
        -: 1021:	{
        -: 1022:	  //+2 coins
    #####: 1023:	  state->coins = state->coins + 2;
    #####: 1024:	}
        -: 1025:      else
        -: 1026:	{
        -: 1027:	  //trash 2 cards in hand
    #####: 1028:	  discardCard(choice2, currentPlayer, state, 1);
    #####: 1029:	  discardCard(choice3, currentPlayer, state, 1);
        -: 1030:	}
        -: 1031:			
        -: 1032:      //discard card from hand
    #####: 1033:      discardCard(handPos, currentPlayer, state, 0);
    #####: 1034:      return 0;
        -: 1035:		
        -: 1036:    case tribute:
    #####: 1037:      if ((state->discardCount[nextPlayer] + state->deckCount[nextPlayer]) <= 1){
    #####: 1038:	if (state->deckCount[nextPlayer] > 0){
    #####: 1039:	  tributeRevealedCards[0] = state->deck[nextPlayer][state->deckCount[nextPlayer]-1];
    #####: 1040:	  state->deckCount[nextPlayer]--;
    #####: 1041:	}
    #####: 1042:	else if (state->discardCount[nextPlayer] > 0){
    #####: 1043:	  tributeRevealedCards[0] = state->discard[nextPlayer][state->discardCount[nextPlayer]-1];
    #####: 1044:	  state->discardCount[nextPlayer]--;
    #####: 1045:	}
        -: 1046:	else{
        -: 1047:	  //No Card to Reveal
        -: 1048:	  if (DEBUG){
        -: 1049:	    printf("No cards to reveal\n");
        -: 1050:	  }
        -: 1051:	}
    #####: 1052:      }
        -: 1053:	    
        -: 1054:      else{
    #####: 1055:	if (state->deckCount[nextPlayer] == 0){
    #####: 1056:	  for (i = 0; i < state->discardCount[nextPlayer]; i++){
    #####: 1057:	    state->deck[nextPlayer][i] = state->discard[nextPlayer][i];//Move to deck
    #####: 1058:	    state->deckCount[nextPlayer]++;
    #####: 1059:	    state->discard[nextPlayer][i] = -1;
    #####: 1060:	    state->discardCount[nextPlayer]--;
    #####: 1061:	  }
        -: 1062:			    
    #####: 1063:	  shuffle(nextPlayer,state);//Shuffle the deck
    #####: 1064:	} 
    #####: 1065:	tributeRevealedCards[0] = state->deck[nextPlayer][state->deckCount[nextPlayer]-1];
    #####: 1066:	state->deck[nextPlayer][state->deckCount[nextPlayer]--] = -1;
    #####: 1067:	state->deckCount[nextPlayer]--;
    #####: 1068:	tributeRevealedCards[1] = state->deck[nextPlayer][state->deckCount[nextPlayer]-1];
    #####: 1069:	state->deck[nextPlayer][state->deckCount[nextPlayer]--] = -1;
    #####: 1070:	state->deckCount[nextPlayer]--;
        -: 1071:      }    
        -: 1072:		       
    #####: 1073:      if (tributeRevealedCards[0] == tributeRevealedCards[1]){//If we have a duplicate card, just drop one 
    #####: 1074:	state->playedCards[state->playedCardCount] = tributeRevealedCards[1];
    #####: 1075:	state->playedCardCount++;
    #####: 1076:	tributeRevealedCards[1] = -1;
    #####: 1077:      }
        -: 1078:
    #####: 1079:      for (i = 0; i <= 2; i ++){
    #####: 1080:	if (tributeRevealedCards[i] == copper || tributeRevealedCards[i] == silver || tributeRevealedCards[i] == gold){//Treasure cards
    #####: 1081:	  state->coins += 2;
    #####: 1082:	}
        -: 1083:		    
    #####: 1084:	else if (tributeRevealedCards[i] == estate || tributeRevealedCards[i] == duchy || tributeRevealedCards[i] == province || tributeRevealedCards[i] == gardens || tributeRevealedCards[i] == great_hall){//Victory Card Found
    #####: 1085:	  drawCard(currentPlayer, state);
    #####: 1086:	  drawCard(currentPlayer, state);
    #####: 1087:	}
        -: 1088:	else{//Action Card
    #####: 1089:	  state->numActions = state->numActions + 2;
        -: 1090:	}
    #####: 1091:      }
        -: 1092:	    
    #####: 1093:      return 0;
        -: 1094:		
        -: 1095:    case ambassador:
    #####: 1096:      j = 0;		//used to check if player has enough cards to discard
        -: 1097:
    #####: 1098:      if (choice2 > 2 || choice2 < 0)
        -: 1099:	{
    #####: 1100:	  return -1;				
        -: 1101:	}
        -: 1102:
    #####: 1103:      if (choice1 == handPos)
        -: 1104:	{
    #####: 1105:	  return -1;
        -: 1106:	}
        -: 1107:
    #####: 1108:      for (i = 0; i < state->handCount[currentPlayer]; i++)
        -: 1109:	{
    #####: 1110:	  if (i != handPos && i == state->hand[currentPlayer][choice1] && i != choice1)
        -: 1111:	    {
    #####: 1112:	      j++;
    #####: 1113:	    }
    #####: 1114:	}
    #####: 1115:      if (j < choice2)
        -: 1116:	{
    #####: 1117:	  return -1;				
        -: 1118:	}
        -: 1119:
        -: 1120:      if (DEBUG) 
        -: 1121:	printf("Player %d reveals card number: %d\n", currentPlayer, state->hand[currentPlayer][choice1]);
        -: 1122:
        -: 1123:      //increase supply count for choosen card by amount being discarded
    #####: 1124:      state->supplyCount[state->hand[currentPlayer][choice1]] += choice2;
        -: 1125:			
        -: 1126:      //each other player gains a copy of revealed card
    #####: 1127:      for (i = 0; i < state->numPlayers; i++)
        -: 1128:	{
    #####: 1129:	  if (i != currentPlayer)
        -: 1130:	    {
    #####: 1131:	      gainCard(state->hand[currentPlayer][choice1], state, 0, i);
    #####: 1132:	    }
    #####: 1133:	}
        -: 1134:
        -: 1135:      //discard played card from hand
    #####: 1136:      discardCard(handPos, currentPlayer, state, 0);			
        -: 1137:
        -: 1138:      //trash copies of cards returned to supply
    #####: 1139:      for (j = 0; j < choice2; j++)
        -: 1140:	{
    #####: 1141:	  for (i = 0; i < state->handCount[currentPlayer]; i++)
        -: 1142:	    {
    #####: 1143:	      if (state->hand[currentPlayer][i] == state->hand[currentPlayer][choice1])
        -: 1144:		{
    #####: 1145:		  discardCard(i, currentPlayer, state, 1);
    #####: 1146:		  break;
        -: 1147:		}
    #####: 1148:	    }
    #####: 1149:	}			
        -: 1150:
    #####: 1151:      return 0;
        -: 1152:		
        -: 1153:    case cutpurse:
        -: 1154:
    #####: 1155:      updateCoins(currentPlayer, state, 2);
    #####: 1156:      for (i = 0; i < state->numPlayers; i++)
        -: 1157:	{
    #####: 1158:	  if (i != currentPlayer)
        -: 1159:	    {
    #####: 1160:	      for (j = 0; j < state->handCount[i]; j++)
        -: 1161:		{
    #####: 1162:		  if (state->hand[i][j] == copper)
        -: 1163:		    {
    #####: 1164:		      discardCard(j, i, state, 0);
    #####: 1165:		      break;
        -: 1166:		    }
    #####: 1167:		  if (j == state->handCount[i])
        -: 1168:		    {
    #####: 1169:		      for (k = 0; k < state->handCount[i]; k++)
        -: 1170:			{
        -: 1171:			  if (DEBUG)
        -: 1172:			    printf("Player %d reveals card number %d\n", i, state->hand[i][k]);
    #####: 1173:			}	
    #####: 1174:		      break;
        -: 1175:		    }		
    #####: 1176:		}
        -: 1177:					
    #####: 1178:	    }
        -: 1179:				
    #####: 1180:	}				
        -: 1181:
        -: 1182:      //discard played card from hand
    #####: 1183:      discardCard(handPos, currentPlayer, state, 0);			
        -: 1184:
    #####: 1185:      return 0;
        -: 1186:
        -: 1187:		
        -: 1188:    case embargo: 
        -: 1189:      //+2 Coins
    #####: 1190:      state->coins = state->coins + 2;
        -: 1191:			
        -: 1192:      //see if selected pile is in play
    #####: 1193:      if ( state->supplyCount[choice1] == -1 )
        -: 1194:	{
    #####: 1195:	  return -1;
        -: 1196:	}
        -: 1197:			
        -: 1198:      //add embargo token to selected supply pile
    #####: 1199:      state->embargoTokens[choice1]++;
        -: 1200:			
        -: 1201:      //trash card
    #####: 1202:      discardCard(handPos, currentPlayer, state, 1);		
    #####: 1203:      return 0;
        -: 1204:		
        -: 1205:    case outpost:
        2: 1206:      return outpostEffect(currentPlayer, state, handPos);
        -: 1207:		
        -: 1208:    case salvager:
        -: 1209:      //+1 buy
    #####: 1210:      state->numBuys++;
        -: 1211:			
    #####: 1212:      if (choice1)
        -: 1213:	{
        -: 1214:	  //gain coins equal to trashed card
    #####: 1215:	  state->coins = state->coins + getCost( handCard(choice1, state) );
        -: 1216:	  //trash card
    #####: 1217:	  discardCard(choice1, currentPlayer, state, 1);	
    #####: 1218:	}
        -: 1219:			
        -: 1220:      //discard card
    #####: 1221:      discardCard(handPos, currentPlayer, state, 0);
    #####: 1222:      return 0;
        -: 1223:		
        -: 1224:    case sea_hag:
        3: 1225:    return sea_hagEffect(currentPlayer, state);
        -: 1226:		
        -: 1227:    case treasure_map:
        -: 1228:      //search hand for another treasure_map
    #####: 1229:      index = -1;
    #####: 1230:      for (i = 0; i < state->handCount[currentPlayer]; i++)
        -: 1231:	{
    #####: 1232:	  if (state->hand[currentPlayer][i] == treasure_map && i != handPos)
        -: 1233:	    {
    #####: 1234:	      index = i;
    #####: 1235:	      break;
        -: 1236:	    }
    #####: 1237:	}
    #####: 1238:      if (index > -1)
        -: 1239:	{
        -: 1240:	  //trash both treasure cards
    #####: 1241:	  discardCard(handPos, currentPlayer, state, 1);
    #####: 1242:	  discardCard(index, currentPlayer, state, 1);
        -: 1243:
        -: 1244:	  //gain 4 Gold cards
    #####: 1245:	  for (i = 0; i < 4; i++)
        -: 1246:	    {
    #####: 1247:	      gainCard(gold, state, 1, currentPlayer);
    #####: 1248:	    }
        -: 1249:				
        -: 1250:	  //return success
    #####: 1251:	  return 1;
        -: 1252:	}
        -: 1253:			
        -: 1254:      //no second treasure_map found in hand
    #####: 1255:      return -1;
        -: 1256:    }
        -: 1257:	
    #####: 1258:  return -1;
       10: 1259:}
        -: 1260:
        -: 1261:int discardCard(int handPos, int currentPlayer, struct gameState *state, int trashFlag)
        -: 1262:{
        -: 1263:	
        -: 1264:  //if card is not trashed, added to Played pile 
        6: 1265:  if (trashFlag < 1)
        -: 1266:    {
        -: 1267:      //add card to played pile
        6: 1268:      state->playedCards[state->playedCardCount] = state->hand[currentPlayer][handPos]; 
        6: 1269:      state->playedCardCount++;
        6: 1270:    }
        -: 1271:	
        -: 1272:  //set played card to -1
        6: 1273:  state->hand[currentPlayer][handPos] = -1;
        -: 1274:	
        -: 1275:  //remove card from player's hand
        6: 1276:  if ( handPos == (state->handCount[currentPlayer] - 1) ) 	//last card in hand array is played
        -: 1277:    {
        -: 1278:      //reduce number of cards in hand
    #####: 1279:      state->handCount[currentPlayer]--;
    #####: 1280:    }
        6: 1281:  else if ( state->handCount[currentPlayer] == 1 ) //only one card in hand
        -: 1282:    {
        -: 1283:      //reduce number of cards in hand
    #####: 1284:      state->handCount[currentPlayer]--;
    #####: 1285:    }
        -: 1286:  else 	
        -: 1287:    {
        -: 1288:      //replace discarded card with last card in hand
        6: 1289:      state->hand[currentPlayer][handPos] = state->hand[currentPlayer][ (state->handCount[currentPlayer] - 1)];
        -: 1290:      //set last card to -1
        6: 1291:      state->hand[currentPlayer][state->handCount[currentPlayer] - 1] = -1;
        -: 1292:      //reduce number of cards in hand
        6: 1293:      state->handCount[currentPlayer]--;
        -: 1294:    }
        -: 1295:	
        6: 1296:  return 0;
        -: 1297:}
        -: 1298:
        -: 1299:int gainCard(int supplyPos, struct gameState *state, int toFlag, int player)
        -: 1300:{
        -: 1301:  //Note: supplyPos is enum of choosen card
        -: 1302:	
        -: 1303:  //check if supply pile is empty (0) or card is not used in game (-1)
        1: 1304:  if ( supplyCount(supplyPos, state) < 1 )
        -: 1305:    {
    #####: 1306:      return -1;
        -: 1307:    }
        -: 1308:	
        -: 1309:  //added card for [whoseTurn] current player:
        -: 1310:  // toFlag = 0 : add to discard
        -: 1311:  // toFlag = 1 : add to deck
        -: 1312:  // toFlag = 2 : add to hand
        -: 1313:
        1: 1314:  if (toFlag == 1)
        -: 1315:    {
    #####: 1316:      state->deck[ player ][ state->deckCount[player] ] = supplyPos;
    #####: 1317:      state->deckCount[player]++;
    #####: 1318:    }
        1: 1319:  else if (toFlag == 2)
        -: 1320:    {
    #####: 1321:      state->hand[ player ][ state->handCount[player] ] = supplyPos;
    #####: 1322:      state->handCount[player]++;
    #####: 1323:    }
        -: 1324:  else
        -: 1325:    {
        1: 1326:      state->discard[player][ state->discardCount[player] ] = supplyPos;
        1: 1327:      state->discardCount[player]++;
        -: 1328:    }
        -: 1329:	
        -: 1330:  //decrease number in supply pile
        1: 1331:  state->supplyCount[supplyPos]--;
        -: 1332:	 
        1: 1333:  return 0;
        1: 1334:}
        -: 1335:
        -: 1336:int updateCoins(int player, struct gameState *state, int bonus)
        -: 1337:{
        -: 1338:  int i;
        -: 1339:	
        -: 1340:  //reset coin count
        8: 1341:  state->coins = 0;
        -: 1342:
        -: 1343:  //add coins for each Treasure card in player's hand
       96: 1344:  for (i = 0; i < state->handCount[player]; i++)
        -: 1345:    {
       40: 1346:      if (state->hand[player][i] == copper)
        -: 1347:	{
       32: 1348:	  state->coins += 1;
       32: 1349:	}
        8: 1350:      else if (state->hand[player][i] == silver)
        -: 1351:	{
    #####: 1352:	  state->coins += 2;
    #####: 1353:	}
        8: 1354:      else if (state->hand[player][i] == gold)
        -: 1355:	{
    #####: 1356:	  state->coins += 3;
    #####: 1357:	}	
       40: 1358:    }	
        -: 1359:
        -: 1360:  //add bonus
        8: 1361:  state->coins += bonus;
        -: 1362:
        8: 1363:  return 0;
        -: 1364:}
        -: 1365:
        -: 1366:
        -: 1367://end of dominion.c
